<?xml version="1.0" encoding="UTF-8"?>
<testng-results skipped="0" failed="0" ignored="0" total="1" passed="1">
  <reporter-output>
  </reporter-output>
  <suite name="Default suite" duration-ms="632" started-at="2020-10-23T15:39:53 CDT" finished-at="2020-10-23T15:39:53 CDT">
    <groups>
      <group name="cucumber">
        <method signature="AbstractTestNGCucumberTests.feature(cucumber.api.testng.CucumberFeatureWrapper)[pri:0, instance:RunLiverpool@1d29cf23]" name="feature" class="cucumber.api.testng.AbstractTestNGCucumberTests"/>
      </group> <!-- cucumber -->
    </groups>
    <test name="Default test" duration-ms="632" started-at="2020-10-23T15:39:53 CDT" finished-at="2020-10-23T15:39:53 CDT">
      <class name="RunLiverpool">
        <test-method status="PASS" signature="setUpClass()[pri:0, instance:RunLiverpool@1d29cf23]" name="setUpClass" is-config="true" duration-ms="394" started-at="2020-10-23T15:39:53 CDT" finished-at="2020-10-23T15:39:53 CDT">
          <reporter-output>
          </reporter-output>
        </test-method> <!-- setUpClass -->
        <test-method status="PASS" signature="feature(cucumber.api.testng.CucumberFeatureWrapper)[pri:0, instance:RunLiverpool@1d29cf23]" name="feature" duration-ms="21" started-at="2020-10-23T15:39:53 CDT" description="Runs Cucumber Feature" data-provider="features" finished-at="2020-10-23T15:39:53 CDT">
          <params>
            <param index="0">
              <value>
                <![CDATA[Liverpool login options]]>
              </value>
            </param>
          </params>
          <reporter-output>
          </reporter-output>
        </test-method> <!-- feature -->
        <test-method status="PASS" signature="tearDownClass()[pri:0, instance:RunLiverpool@1d29cf23]" name="tearDownClass" is-config="true" duration-ms="16" started-at="2020-10-23T15:39:53 CDT" finished-at="2020-10-23T15:39:53 CDT">
          <reporter-output>
          </reporter-output>
        </test-method> <!-- tearDownClass -->
      </class> <!-- RunLiverpool -->
    </test> <!-- Default test -->
  </suite> <!-- Default suite -->
</testng-results>
